SF:lib/exceptions/app_error.dart
DA:5,2
DA:7,0
DA:8,0
DA:13,2
DA:17,2
DA:22,2
DA:27,2
DA:31,2
DA:36,2
DA:41,2
DA:48,0
DA:57,0
DA:65,0
DA:71,1
LF:14
LH:9
end_of_record
SF:lib/services/secure_storage_service.dart
DA:15,1
DA:17,1
DA:18,1
DA:21,1
DA:26,0
DA:27,0
DA:30,0
DA:31,0
DA:34,0
DA:35,0
DA:45,1
DA:46,1
DA:50,1
DA:55,2
DA:56,1
DA:57,0
DA:66,3
DA:67,3
DA:68,1
DA:71,4
DA:72,1
DA:78,1
DA:80,1
DA:84,1
DA:86,1
DA:87,1
DA:88,1
DA:89,1
DA:92,0
DA:98,1
DA:100,1
DA:101,1
DA:105,1
DA:108,0
DA:115,1
DA:117,1
DA:118,1
DA:119,1
DA:121,0
DA:126,1
DA:129,2
DA:130,2
DA:134,2
DA:136,1
DA:138,1
DA:139,1
DA:146,2
DA:148,1
DA:149,2
DA:150,1
DA:156,1
DA:158,2
DA:160,1
DA:162,2
DA:163,1
DA:168,0
DA:170,0
DA:172,0
DA:173,0
DA:183,1
DA:186,2
DA:187,2
DA:189,1
DA:195,1
DA:198,0
DA:200,0
DA:201,0
DA:203,0
DA:205,0
DA:206,0
DA:207,0
DA:214,0
DA:216,0
DA:217,0
DA:223,0
DA:224,0
DA:228,0
DA:229,0
DA:232,0
DA:234,0
DA:235,0
DA:236,0
DA:244,0
DA:246,0
DA:247,0
DA:248,0
DA:251,0
DA:252,0
DA:254,0
DA:258,1
DA:260,2
DA:261,2
DA:262,2
DA:263,2
DA:265,1
DA:266,1
DA:267,2
DA:268,1
DA:273,1
DA:275,0
DA:279,0
DA:284,0
DA:286,0
DA:287,0
DA:288,0
DA:290,0
DA:297,1
DA:303,1
DA:305,1
DA:308,2
DA:309,2
DA:312,0
DA:314,0
DA:315,0
DA:316,0
DA:318,0
DA:323,2
DA:327,1
DA:335,1
DA:341,1
DA:345,2
DA:347,1
DA:348,2
DA:355,0
DA:358,0
DA:363,0
DA:365,0
DA:366,0
DA:367,0
DA:372,0
DA:378,1
DA:380,1
DA:382,2
DA:384,1
DA:387,2
DA:392,0
LF:136
LH:77
end_of_record
SF:lib/constants/colors/color_constants.dart
DA:23,0
DA:27,0
LF:2
LH:0
end_of_record
SF:lib/constants/http/http_constants.dart
DA:10,1
DA:20,1
DA:30,1
DA:55,1
DA:57,3
DA:58,0
DA:59,0
DA:60,0
DA:61,0
DA:83,0
DA:100,0
DA:108,0
DA:109,0
DA:110,0
DA:111,0
DA:112,0
DA:113,0
DA:114,0
DA:126,0
DA:134,0
DA:135,0
DA:136,0
DA:137,0
DA:138,0
DA:139,0
DA:140,0
LF:26
LH:5
end_of_record
SF:lib/constants/theme/text_theme.dart
DA:6,0
DA:7,0
DA:133,0
DA:134,0
LF:4
LH:0
end_of_record
SF:lib/models/auth/auth_tokens.dart
DA:14,0
DA:21,0
DA:22,0
DA:23,0
DA:24,0
DA:26,0
DA:28,0
DA:29,0
DA:30,0
DA:34,0
DA:35,0
DA:36,0
DA:37,0
DA:41,0
DA:42,0
DA:43,0
DA:44,0
DA:45,0
DA:46,0
DA:47,0
DA:52,0
DA:53,0
DA:54,0
DA:55,0
DA:56,0
DA:57,0
DA:58,0
DA:63,0
DA:64,0
DA:65,0
DA:66,0
DA:67,0
DA:73,0
DA:77,0
DA:79,0
DA:81,0
DA:82,0
DA:86,0
DA:89,0
DA:90,0
DA:91,0
DA:92,0
DA:93,0
DA:94,0
DA:95,0
DA:97,0
DA:99,0
DA:100,0
DA:101,0
DA:102,0
DA:103,0
DA:105,0
DA:107,0
DA:108,0
DA:109,0
DA:110,0
DA:111,0
DA:112,0
DA:116,0
DA:118,0
DA:122,0
DA:125,0
DA:126,0
DA:127,0
DA:130,0
DA:134,0
DA:135,0
DA:136,0
DA:139,0
DA:144,0
DA:145,0
DA:149,0
DA:151,0
LF:73
LH:0
end_of_record
SF:lib/models/local_all_stats.dart
DA:35,0
DA:49,0
DA:50,0
DA:55,0
DA:56,0
DA:60,0
DA:65,0
DA:66,0
DA:68,0
DA:69,0
DA:70,0
DA:71,0
DA:72,0
DA:73,0
DA:74,0
DA:75,0
DA:76,0
DA:77,0
DA:78,0
DA:79,0
DA:84,0
DA:85,0
DA:86,0
DA:87,0
DA:88,0
DA:89,0
DA:90,0
DA:91,0
DA:92,0
DA:93,0
DA:94,0
DA:98,0
DA:99,0
DA:101,0
DA:103,0
DA:116,0
DA:117,0
DA:118,0
DA:119,0
DA:120,0
DA:121,0
DA:122,0
DA:123,0
DA:124,0
DA:125,0
DA:126,0
DA:127,0
LF:47
LH:0
end_of_record
SF:lib/models/local_all_stats.g.dart
DA:9,0
DA:10,0
DA:11,0
DA:12,0
DA:13,0
DA:14,0
DA:15,0
DA:16,0
DA:17,0
DA:18,0
DA:19,0
DA:20,0
DA:21,0
DA:22,0
DA:23,0
DA:24,0
DA:25,0
DA:26,0
DA:27,0
DA:30,0
DA:31,0
DA:32,0
DA:33,0
DA:34,0
DA:35,0
DA:36,0
DA:37,0
DA:38,0
DA:39,0
DA:40,0
DA:41,0
DA:42,0
LF:32
LH:0
end_of_record
SF:lib/models/local_audio_completed.dart
DA:11,0
DA:13,0
DA:14,0
DA:15,0
DA:18,0
DA:20,0
DA:21,0
DA:22,0
DA:27,0
DA:28,0
DA:29,0
DA:30,0
DA:34,0
DA:38,0
DA:39,0
DA:40,0
LF:16
LH:0
end_of_record
SF:lib/models/local_audio_completed.g.dart
DA:9,0
DA:10,0
DA:11,0
DA:12,0
DA:15,0
DA:17,0
DA:18,0
DA:19,0
LF:8
LH:0
end_of_record
SF:lib/models/stats/all_stats_model.dart
DA:14,0
DA:26,0
DA:27,0
DA:28,0
DA:29,0
DA:30,0
DA:32,0
DA:33,0
DA:34,0
DA:35,0
DA:36,0
DA:37,0
DA:38,0
DA:39,0
DA:40,0
DA:41,0
DA:42,0
DA:43,0
DA:44,0
DA:48,0
DA:49,0
DA:50,0
DA:51,0
DA:52,0
DA:53,0
DA:54,0
DA:55,0
DA:56,0
DA:57,0
DA:58,0
DA:62,0
DA:65,0
DA:66,0
DA:67,0
DA:68,0
DA:69,0
DA:70,0
DA:71,0
DA:72,0
DA:73,0
DA:74,0
DA:75,0
DA:77,0
DA:79,0
DA:80,0
DA:81,0
DA:82,0
DA:83,0
DA:84,0
DA:85,0
DA:86,0
DA:87,0
DA:94,0
DA:99,0
DA:100,0
DA:101,0
DA:102,0
DA:106,0
DA:107,0
DA:108,0
DA:109,0
DA:113,0
DA:116,0
DA:117,0
DA:118,0
DA:119,0
DA:121,0
DA:122,0
LF:68
LH:0
end_of_record
SF:lib/services/analytics/firebase_analytics_service.dart
DA:10,0
DA:17,0
DA:20,0
DA:26,2
DA:27,1
DA:28,2
DA:64,1
DA:65,2
DA:67,1
DA:68,1
DA:69,2
DA:70,1
DA:72,0
DA:78,0
DA:79,0
DA:83,0
DA:84,0
DA:88,0
DA:91,0
DA:99,0
DA:102,0
DA:105,0
DA:111,0
DA:112,0
DA:113,0
DA:118,0
DA:121,0
DA:124,0
DA:126,0
DA:127,0
DA:132,0
DA:134,0
DA:138,0
DA:140,0
DA:141,0
DA:145,0
DA:151,0
DA:153,0
DA:155,0
DA:163,0
DA:165,0
DA:173,0
DA:174,0
DA:177,0
DA:181,0
DA:187,0
DA:194,0
DA:204,0
DA:205,0
DA:206,0
DA:208,0
DA:209,0
DA:214,0
DA:216,0
DA:219,0
DA:222,0
DA:225,0
DA:230,0
DA:236,1
DA:240,1
DA:241,0
DA:245,0
DA:246,0
DA:249,0
DA:256,0
DA:262,0
DA:266,0
DA:267,0
DA:271,0
DA:272,0
DA:275,0
DA:281,0
DA:286,0
LF:73
LH:11
end_of_record
SF:lib/services/network/auth_api_service.dart
DA:17,0
DA:30,0
DA:35,0
DA:36,0
DA:38,0
DA:39,0
DA:40,0
DA:41,0
DA:44,0
DA:45,0
DA:46,0
DA:49,0
DA:54,0
DA:55,0
DA:57,0
DA:59,0
DA:60,0
DA:61,0
DA:62,0
DA:66,0
DA:67,0
DA:69,0
DA:70,0
DA:71,0
DA:72,0
DA:73,0
DA:74,0
DA:77,0
DA:81,0
DA:82,0
DA:83,0
DA:85,0
DA:87,0
DA:93,0
DA:96,0
DA:97,0
DA:98,0
DA:99,0
DA:103,0
DA:106,0
DA:108,0
DA:113,0
DA:114,0
DA:117,0
DA:118,0
DA:119,0
DA:122,0
DA:123,0
DA:124,0
DA:126,0
DA:127,0
DA:128,0
DA:131,0
DA:132,0
DA:136,0
DA:139,0
DA:140,0
DA:141,0
DA:142,0
DA:145,0
DA:147,0
DA:148,0
DA:152,0
DA:156,0
DA:157,0
DA:158,0
DA:165,0
DA:166,0
DA:167,0
DA:169,0
DA:170,0
DA:172,0
DA:176,0
DA:177,0
DA:180,0
DA:188,0
DA:189,0
DA:191,0
DA:192,0
DA:193,0
DA:194,0
DA:195,0
DA:199,0
DA:207,0
DA:208,0
DA:211,0
DA:212,0
DA:213,0
DA:216,0
DA:217,0
DA:218,0
DA:220,0
DA:221,0
DA:223,0
DA:228,0
DA:234,0
DA:236,0
DA:238,0
DA:241,0
DA:244,0
DA:245,0
DA:246,0
DA:249,0
DA:250,0
DA:253,0
DA:254,0
DA:255,0
DA:258,0
DA:259,0
DA:262,0
DA:263,0
DA:264,0
DA:268,0
DA:270,0
DA:271,0
DA:273,0
DA:275,0
DA:278,0
DA:279,0
DA:281,0
DA:282,0
DA:283,0
DA:284,0
DA:285,0
DA:288,0
DA:289,0
DA:290,0
DA:292,0
DA:293,0
DA:296,0
DA:301,0
DA:303,0
DA:305,0
DA:306,0
DA:310,0
DA:313,0
DA:315,0
DA:316,0
DA:318,0
DA:320,0
DA:321,0
DA:325,0
DA:326,0
DA:328,0
DA:335,0
DA:336,0
DA:337,0
DA:345,0
DA:346,0
DA:347,0
DA:352,0
DA:353,0
DA:354,0
DA:355,0
DA:358,0
DA:359,0
DA:366,0
DA:368,0
DA:371,0
LF:159
LH:0
end_of_record
SF:lib/utils/logger.dart
DA:6,0
DA:8,0
DA:13,0
DA:16,0
DA:18,0
DA:21,0
DA:27,0
DA:29,0
DA:34,0
DA:36,0
LF:10
LH:0
end_of_record
SF:lib/services/network/http_api_service.dart
DA:40,0
DA:41,0
DA:42,0
DA:43,0
DA:47,0
DA:48,0
DA:49,0
DA:50,0
DA:51,0
DA:55,0
DA:56,0
DA:60,0
DA:61,0
DA:65,0
DA:66,0
DA:67,0
DA:71,0
DA:72,0
DA:73,0
DA:76,0
DA:77,0
DA:78,0
DA:79,0
DA:82,0
DA:83,0
DA:84,0
DA:87,0
DA:91,0
DA:92,0
DA:95,0
DA:99,0
DA:100,0
DA:104,0
DA:107,0
DA:108,0
DA:111,0
DA:112,0
DA:113,0
DA:116,0
DA:117,0
DA:120,0
DA:121,0
DA:123,0
DA:124,0
DA:130,0
DA:131,0
DA:133,0
DA:135,0
DA:136,0
DA:138,0
DA:139,0
DA:141,0
DA:142,0
DA:143,0
DA:146,0
DA:149,0
DA:150,0
DA:151,0
DA:155,0
DA:160,0
DA:161,0
DA:163,0
DA:164,0
DA:167,0
DA:168,0
DA:171,0
DA:172,0
DA:174,0
DA:175,0
DA:177,0
DA:178,0
DA:179,0
DA:182,0
DA:183,0
DA:186,0
DA:187,0
DA:188,0
DA:189,0
DA:191,0
DA:192,0
DA:194,0
DA:195,0
DA:196,0
DA:198,0
DA:203,0
DA:204,0
DA:207,0
DA:208,0
DA:209,0
DA:214,0
DA:215,0
DA:216,0
DA:219,0
DA:224,0
DA:225,0
DA:226,0
DA:227,0
DA:232,0
DA:233,0
DA:235,0
DA:242,0
DA:244,0
DA:247,0
DA:248,0
DA:252,0
DA:258,0
DA:261,0
DA:262,0
DA:266,0
DA:268,0
DA:269,0
DA:272,0
DA:275,0
DA:276,0
DA:279,0
DA:280,0
DA:283,0
DA:284,0
DA:286,0
DA:288,0
DA:289,0
DA:290,0
DA:291,0
DA:295,0
DA:296,0
DA:297,0
DA:298,0
DA:299,0
DA:301,0
DA:303,0
DA:306,0
DA:309,0
DA:310,0
DA:312,0
DA:313,0
DA:316,0
DA:317,0
DA:322,0
DA:323,0
DA:325,0
DA:326,0
DA:327,0
DA:332,0
DA:333,0
DA:335,0
DA:337,0
DA:338,0
DA:346,0
DA:347,0
DA:351,0
DA:353,0
DA:356,0
DA:359,0
DA:360,0
DA:364,0
DA:365,0
DA:367,0
DA:368,0
DA:371,0
DA:381,0
DA:382,0
DA:383,0
DA:386,0
DA:387,0
DA:391,0
DA:392,0
DA:393,0
DA:395,0
DA:400,0
DA:401,0
DA:404,0
DA:406,0
DA:408,0
DA:409,0
DA:414,0
DA:419,0
DA:420,0
DA:423,0
DA:424,0
DA:427,0
DA:428,0
DA:429,0
DA:433,0
DA:435,0
DA:440,0
DA:441,0
DA:442,0
DA:444,0
DA:449,0
DA:450,0
DA:451,0
DA:452,0
DA:455,0
DA:456,0
DA:457,0
DA:458,0
DA:463,0
DA:465,0
DA:466,0
DA:469,0
DA:470,0
DA:472,0
DA:473,0
DA:474,0
DA:478,0
DA:480,0
DA:481,0
DA:488,0
DA:490,0
DA:491,0
DA:493,0
DA:496,0
DA:497,0
DA:501,0
DA:508,0
DA:509,0
DA:513,0
DA:514,0
DA:515,0
DA:519,0
DA:521,0
DA:527,0
DA:529,0
DA:532,0
DA:534,0
DA:541,0
DA:547,0
DA:551,0
DA:553,0
DA:560,0
DA:561,0
DA:562,0
DA:563,0
DA:567,0
DA:569,0
DA:570,0
DA:571,0
DA:572,0
DA:573,0
DA:574,0
DA:576,0
DA:578,0
DA:579,0
DA:581,0
DA:583,0
DA:585,0
DA:586,0
DA:590,0
DA:592,0
DA:593,0
DA:596,0
LF:251
LH:0
end_of_record
SF:lib/utils/stats_manager.dart
DA:30,0
DA:31,0
DA:41,0
DA:43,0
DA:44,0
DA:45,0
DA:46,0
DA:48,0
DA:49,0
DA:52,0
DA:53,0
DA:58,0
DA:59,0
DA:60,0
DA:63,0
DA:64,0
DA:65,0
DA:66,0
DA:67,0
DA:69,0
DA:73,0
DA:75,0
DA:76,0
DA:79,0
DA:80,0
DA:82,0
DA:85,0
DA:88,0
DA:94,0
DA:96,0
DA:99,0
DA:100,0
DA:101,0
DA:102,0
DA:112,0
DA:114,0
DA:116,0
DA:117,0
DA:122,0
DA:124,0
DA:130,0
DA:131,0
DA:134,0
DA:135,0
DA:137,0
DA:145,0
DA:146,0
DA:147,0
DA:150,0
DA:151,0
DA:153,0
DA:156,0
DA:159,0
DA:162,0
DA:163,0
DA:166,0
DA:167,0
DA:169,0
DA:171,0
DA:174,0
DA:182,0
DA:183,0
DA:189,0
DA:193,0
DA:195,0
DA:197,0
DA:198,0
DA:199,0
DA:211,0
DA:212,0
DA:214,0
DA:215,0
DA:222,0
DA:223,0
DA:224,0
DA:225,0
DA:240,0
DA:241,0
DA:242,0
DA:243,0
DA:246,0
DA:249,0
DA:250,0
DA:251,0
DA:255,0
DA:256,0
DA:257,0
DA:261,0
DA:267,0
DA:268,0
DA:269,0
DA:270,0
DA:273,0
DA:277,0
DA:281,0
DA:284,0
DA:288,0
DA:289,0
DA:290,0
DA:291,0
DA:298,0
DA:300,0
DA:307,0
DA:308,0
DA:309,0
DA:310,0
DA:313,0
DA:314,0
DA:315,0
DA:316,0
DA:319,0
DA:323,0
DA:329,0
DA:330,0
DA:335,0
DA:338,0
DA:343,0
DA:345,0
DA:352,0
DA:353,0
DA:354,0
DA:355,0
DA:358,0
DA:362,0
DA:363,0
DA:364,0
DA:365,0
DA:371,0
DA:380,0
DA:382,0
DA:394,0
DA:395,0
DA:396,0
DA:397,0
DA:400,0
DA:403,0
DA:413,0
DA:422,0
DA:428,0
DA:429,0
DA:433,0
DA:434,0
DA:435,0
DA:436,0
DA:440,0
DA:442,0
DA:443,0
DA:445,0
DA:446,0
DA:447,0
DA:455,0
DA:458,0
DA:462,0
DA:463,0
DA:466,0
DA:467,0
DA:470,0
DA:471,0
DA:476,0
DA:477,0
DA:483,0
DA:484,0
DA:485,0
DA:486,0
DA:490,0
DA:491,0
DA:492,0
DA:493,0
DA:496,0
DA:497,0
DA:498,0
DA:500,0
DA:502,0
DA:505,0
DA:506,0
DA:510,0
DA:511,0
DA:512,0
DA:515,0
DA:516,0
DA:517,0
DA:519,0
DA:522,0
DA:523,0
DA:527,0
DA:528,0
DA:529,0
DA:530,0
DA:533,0
DA:535,0
DA:536,0
DA:538,0
DA:541,0
DA:542,0
DA:543,0
DA:546,0
DA:547,0
DA:548,0
DA:551,0
DA:552,0
DA:554,0
DA:555,0
DA:556,0
DA:557,0
DA:559,0
DA:560,0
DA:561,0
DA:564,0
DA:565,0
DA:566,0
DA:567,0
DA:569,0
DA:570,0
DA:573,0
DA:576,0
DA:577,0
DA:585,0
DA:586,0
DA:587,0
DA:588,0
DA:589,0
DA:601,0
DA:602,0
DA:603,0
DA:606,0
DA:610,0
DA:611,0
DA:616,0
DA:619,0
DA:620,0
DA:621,0
DA:624,0
DA:625,0
DA:629,0
DA:630,0
DA:631,0
DA:632,0
DA:635,0
DA:636,0
DA:637,0
DA:638,0
DA:641,0
DA:642,0
DA:643,0
DA:644,0
DA:651,0
DA:654,0
DA:655,0
DA:658,0
DA:659,0
DA:660,0
DA:661,0
DA:663,0
DA:664,0
DA:665,0
DA:666,0
DA:670,0
DA:671,0
DA:683,0
DA:688,0
DA:689,0
DA:693,0
DA:695,0
DA:696,0
DA:700,0
DA:701,0
DA:703,0
DA:706,0
DA:709,0
DA:711,0
DA:712,0
DA:717,0
DA:718,0
DA:719,0
DA:722,0
DA:727,0
DA:728,0
DA:729,0
DA:730,0
DA:734,0
DA:737,0
DA:742,0
DA:743,0
DA:746,0
DA:749,0
DA:750,0
DA:754,0
DA:755,0
DA:756,0
DA:761,0
DA:763,0
DA:764,0
DA:765,0
DA:766,0
DA:767,0
DA:769,0
DA:773,0
DA:775,0
DA:778,0
DA:780,0
DA:783,0
DA:784,0
DA:786,0
DA:787,0
DA:790,0
DA:792,0
DA:793,0
DA:794,0
DA:797,0
DA:798,0
DA:802,0
DA:804,0
DA:805,0
DA:806,0
DA:807,0
DA:808,0
DA:810,0
LF:317
LH:0
end_of_record
SF:lib/services/stats_backup_service.dart
DA:10,0
DA:22,0
DA:26,0
DA:28,0
DA:29,0
DA:33,0
DA:34,0
DA:38,0
DA:42,0
DA:43,0
DA:46,0
DA:47,0
DA:49,0
DA:54,0
DA:62,0
DA:63,0
DA:64,0
DA:67,0
DA:69,0
DA:74,0
DA:75,0
DA:77,0
DA:78,0
DA:79,0
DA:83,0
DA:84,0
DA:87,0
DA:88,0
DA:89,0
DA:91,0
DA:94,0
DA:95,0
DA:97,0
DA:110,0
DA:115,0
DA:131,0
DA:132,0
DA:133,0
DA:134,0
DA:138,0
DA:139,0
DA:141,0
DA:142,0
DA:151,0
LF:44
LH:0
end_of_record
SF:lib/services/stats_service.dart
DA:13,0
DA:18,0
DA:19,0
DA:20,0
DA:21,0
DA:25,0
DA:28,0
DA:29,0
DA:33,0
DA:36,0
DA:37,0
DA:41,0
DA:44,0
DA:45,0
DA:49,0
DA:52,0
DA:53,0
DA:57,0
DA:60,0
DA:63,0
DA:66,0
DA:68,0
DA:71,0
DA:72,0
DA:73,0
DA:88,0
DA:93,0
DA:95,0
DA:96,0
DA:99,0
DA:100,0
DA:103,0
DA:105,0
DA:108,0
DA:112,0
DA:114,0
DA:115,0
DA:118,0
DA:119,0
DA:122,0
DA:123,0
DA:124,0
DA:127,0
DA:128,0
DA:129,0
DA:130,0
DA:131,0
DA:134,0
DA:141,0
DA:144,0
DA:145,0
DA:148,0
DA:152,0
DA:156,0
DA:158,0
DA:159,0
DA:164,0
DA:165,0
DA:171,0
DA:173,0
DA:178,0
DA:179,0
DA:182,0
DA:184,0
DA:189,0
DA:191,0
DA:193,0
DA:195,0
DA:199,0
DA:200,0
DA:206,0
DA:208,0
LF:72
LH:0
end_of_record
SF:lib/utils/audio_completion_tracker.dart
DA:7,0
DA:11,0
DA:13,0
DA:15,0
DA:16,0
DA:18,0
DA:22,0
DA:28,0
DA:29,0
DA:30,0
DA:33,0
DA:37,0
DA:38,0
DA:40,0
DA:41,0
DA:42,0
DA:45,0
DA:47,0
DA:49,0
LF:19
LH:0
end_of_record
